This is pdfTeX, Version 3.1415926-1.40.10 (MiKTeX 2.8) (preloaded format=pdflatex 2010.8.22)  25 MAY 2011 00:15
entering extended mode
**C:/Documents*and*Settings/USER/Mis*documentos/David/UNAL/Sexto*semestre/Compl
eja/assignment.tex

("C:/Documents and Settings/USER/Mis documentos/David/UNAL/Sexto semestre/Compl
eja/assignment.tex"
LaTeX2e <2009/09/24>
Babel <v3.8l> and hyphenation patterns for spanish, english, dumylang, nohyphen
ation, german, ngerman, german-x-2009-06-19, ngerman-x-2009-06-19, french, load
ed.
("C:\Archivos de programa\MiKTeX 2.8\tex\latex\base\article.cls"
Document Class: article 2007/10/19 v1.4h Standard LaTeX document class
("C:\Archivos de programa\MiKTeX 2.8\tex\latex\base\size10.clo"
File: size10.clo 2007/10/19 v1.4h Standard LaTeX file (size option)
)
\c@part=\count79
\c@section=\count80
\c@subsection=\count81
\c@subsubsection=\count82
\c@paragraph=\count83
\c@subparagraph=\count84
\c@figure=\count85
\c@table=\count86
\abovecaptionskip=\skip41
\belowcaptionskip=\skip42
\bibindent=\dimen102
)
("C:\Archivos de programa\MiKTeX 2.8\tex\latex\base\inputenc.sty"
Package: inputenc 2008/03/30 v1.1d Input encoding file
\inpenc@prehook=\toks14
\inpenc@posthook=\toks15

("C:\Archivos de programa\MiKTeX 2.8\tex\latex\unicode\utf8x.def"
File: utf8x.def 2004/10/17 UCS: Input encoding UTF-8
))
("C:\Archivos de programa\MiKTeX 2.8\tex\latex\unicode\ucs.sty"
Package: ucs 2004/10/17 UCS: Unicode input support

("C:\Archivos de programa\MiKTeX 2.8\tex\latex\unicode\data\uni-global.def"
File: uni-global.def 2004/10/17 UCS: Unicode global data
)
\uc@secondtry=\count87
\uc@combtoks=\toks16
\uc@combtoksb=\toks17
\uc@temptokena=\toks18
)
("C:\Archivos de programa\MiKTeX 2.8\tex\latex\graphics\graphicx.sty"
Package: graphicx 1999/02/16 v1.0f Enhanced LaTeX Graphics (DPC,SPQR)

("C:\Archivos de programa\MiKTeX 2.8\tex\latex\graphics\keyval.sty"
Package: keyval 1999/03/16 v1.13 key=value parser (DPC)
\KV@toks@=\toks19
)
("C:\Archivos de programa\MiKTeX 2.8\tex\latex\graphics\graphics.sty"
Package: graphics 2009/02/05 v1.0o Standard LaTeX Graphics (DPC,SPQR)

("C:\Archivos de programa\MiKTeX 2.8\tex\latex\graphics\trig.sty"
Package: trig 1999/03/16 v1.09 sin cos tan (DPC)
)
("C:\Archivos de programa\MiKTeX 2.8\tex\latex\00miktex\graphics.cfg"
File: graphics.cfg 2007/01/18 v1.5 graphics configuration of teTeX/TeXLive
)
Package graphics Info: Driver file: pdftex.def on input line 91.

("C:\Archivos de programa\MiKTeX 2.8\tex\latex\pdftex-def\pdftex.def"
File: pdftex.def 2010/02/14 v0.04n Graphics/color for pdfTeX
\Gread@gobject=\count88
))
\Gin@req@height=\dimen103
\Gin@req@width=\dimen104
)
("C:\Archivos de programa\MiKTeX 2.8\tex\latex\psnfss\times.sty"
Package: times 2005/04/12 PSNFSS-v9.2a (SPQR) 
)
("C:\Archivos de programa\MiKTeX 2.8\tex\latex\ams\math\amsmath.sty"
Package: amsmath 2000/07/18 v2.13 AMS math features
\@mathmargin=\skip43

For additional information on amsmath, use the `?' option.
("C:\Archivos de programa\MiKTeX 2.8\tex\latex\ams\math\amstext.sty"
Package: amstext 2000/06/29 v2.01

("C:\Archivos de programa\MiKTeX 2.8\tex\latex\ams\math\amsgen.sty"
File: amsgen.sty 1999/11/30 v2.0
\@emptytoks=\toks20
\ex@=\dimen105
))
("C:\Archivos de programa\MiKTeX 2.8\tex\latex\ams\math\amsbsy.sty"
Package: amsbsy 1999/11/29 v1.2d
\pmbraise@=\dimen106
)
("C:\Archivos de programa\MiKTeX 2.8\tex\latex\ams\math\amsopn.sty"
Package: amsopn 1999/12/14 v2.01 operator names
)
\inf@bad=\count89
LaTeX Info: Redefining \frac on input line 211.
\uproot@=\count90
\leftroot@=\count91
LaTeX Info: Redefining \overline on input line 307.
\classnum@=\count92
\DOTSCASE@=\count93
LaTeX Info: Redefining \ldots on input line 379.
LaTeX Info: Redefining \dots on input line 382.
LaTeX Info: Redefining \cdots on input line 467.
\Mathstrutbox@=\box26
\strutbox@=\box27
\big@size=\dimen107
LaTeX Font Info:    Redeclaring font encoding OML on input line 567.
LaTeX Font Info:    Redeclaring font encoding OMS on input line 568.
\macc@depth=\count94
\c@MaxMatrixCols=\count95
\dotsspace@=\muskip10
\c@parentequation=\count96
\dspbrk@lvl=\count97
\tag@help=\toks21
\row@=\count98
\column@=\count99
\maxfields@=\count100
\andhelp@=\toks22
\eqnshift@=\dimen108
\alignsep@=\dimen109
\tagshift@=\dimen110
\tagwidth@=\dimen111
\totwidth@=\dimen112
\lineht@=\dimen113
\@envbody=\toks23
\multlinegap=\skip44
\multlinetaggap=\skip45
\mathdisplay@stack=\toks24
LaTeX Info: Redefining \[ on input line 2666.
LaTeX Info: Redefining \] on input line 2667.
)
("C:\Archivos de programa\MiKTeX 2.8\tex\latex\cite\cite.sty"
LaTeX Info: Redefining \cite on input line 285.
LaTeX Info: Redefining \nocite on input line 356.
Package: cite 2009/08/29  v 5.2
)
("C:\Archivos de programa\MiKTeX 2.8\tex\generic\xypic\xy.sty"
("C:\Archivos de programa\MiKTeX 2.8\tex\generic\xypic\xy.tex" Bootstrap'ing:
catcodes, docmode,
("C:\Archivos de programa\MiKTeX 2.8\tex\generic\xypic\xyrecat.tex")
("C:\Archivos de programa\MiKTeX 2.8\tex\generic\xypic\xyidioms.tex")

 Xy-pic version 3.7 <1999/02/16>
 Copyright (c) 1991-1998 by Kristoffer H. Rose <krisrose@ens-lyon.fr>
 Xy-pic is free software: see the User's Guide for details.

Loading kernel: messages; fonts; allocations: state,
\X@c=\dimen114
\Y@c=\dimen115
\U@c=\dimen116
\D@c=\dimen117
\L@c=\dimen118
\R@c=\dimen119
\Edge@c=\toks25
\X@p=\dimen120
\Y@p=\dimen121
\U@p=\dimen122
\D@p=\dimen123
\L@p=\dimen124
\R@p=\dimen125
\Edge@p=\toks26
\X@origin=\dimen126
\Y@origin=\dimen127
\X@xbase=\dimen128
\Y@xbase=\dimen129
\X@ybase=\dimen130
\Y@ybase=\dimen131
\X@min=\dimen132
\Y@min=\dimen133
\X@max=\dimen134
\Y@max=\dimen135
\lastobjectbox@=\box28
\zerodotbox@=\box29
\almostz@=\dimen136
 direction,
\d@X=\dimen137
\d@Y=\dimen138
\K@=\count101
\KK@=\count102
\Direction=\count103
\K@dXdY=\dimen139
\K@dYdX=\dimen140
\xyread@=\read1
\xywrite@=\write3
\csp@=\count104
\quotPTK@=\dimen141

utility macros; pictures: \xy, positions,
\swaptoks@@=\toks27
\connectobjectbox@@=\box30
 objects,
\styletoks@=\toks28
 decorations;
kernel objects: directionals, circles, text; options; algorithms: directions,
edges, connections;  Xy-pic loaded)
Package: xy 1999/02/16 Xy-pic version 3.7

("C:\Archivos de programa\MiKTeX 2.8\tex\generic\xypic\xyall.tex"
 Xy-pic option: All features v.3.3
("C:\Archivos de programa\MiKTeX 2.8\tex\generic\xypic\xycurve.tex"
 Xy-pic option: Curve and Spline extension v.3.7 curve,
\crv@cnt@=\count105
\crvpts@=\toks29
\splinebox@=\box31
\splineval@=\dimen142
\splinedepth@=\dimen143
\splinetol@=\dimen144
\splinelength@=\dimen145
 circles,
\L@=\dimen146
 loaded)
("C:\Archivos de programa\MiKTeX 2.8\tex\generic\xypic\xyframe.tex"
 Xy-pic option: Frame and Bracket extension v.3.7 loaded)
("C:\Archivos de programa\MiKTeX 2.8\tex\generic\xypic\xycmtip.tex"
 Xy-pic option: Computer Modern tip extension v.3.3
("C:\Archivos de programa\MiKTeX 2.8\tex\generic\xypic\xytips.tex"
 Xy-pic option: More Tips extension v.3.3 loaded) loaded)
("C:\Archivos de programa\MiKTeX 2.8\tex\generic\xypic\xyline.tex"
 Xy-pic option: Line styles extension v.3.6
\xylinethick@=\dimen147
 loaded)
("C:\Archivos de programa\MiKTeX 2.8\tex\generic\xypic\xyrotate.tex"
 Xy-pic option: Rotate and Scale extension v.3.3 loaded)
("C:\Archivos de programa\MiKTeX 2.8\tex\generic\xypic\xycolor.tex"
 Xy-pic option: Colour extension v.3.3 loaded)
("C:\Archivos de programa\MiKTeX 2.8\tex\generic\xypic\xymatrix.tex"
 Xy-pic option: Matrix feature v.3.4
\Row=\count106
\Col=\count107
\queue@=\toks30
\queue@@=\toks31
\qcount@=\count108
\qcount@@=\count109
\matrixsize@=\count110
 loaded)
("C:\Archivos de programa\MiKTeX 2.8\tex\generic\xypic\xyarrow.tex"
 Xy-pic option: Arrow and Path feature v.3.5 path, \ar, loaded)
("C:\Archivos de programa\MiKTeX 2.8\tex\generic\xypic\xygraph.tex"
 Xy-pic option: Graph feature v.3.7 loaded) loaded))
("C:\Archivos de programa\MiKTeX 2.8\tex\latex\subfigure\subfigure.sty"
Package: subfigure 2002/07/30 v2.1.4 subfigure package
\subfigtopskip=\skip46
\subfigcapskip=\skip47
\subfigcaptopadj=\dimen148
\subfigbottomskip=\skip48
\subfigcapmargin=\dimen149
\subfiglabelskip=\skip49
\c@subfigure=\count111
\c@lofdepth=\count112
\c@subtable=\count113
\c@lotdepth=\count114

****************************************
* Local config file subfigure.cfg used *
****************************************
("C:\Archivos de programa\MiKTeX 2.8\tex\latex\subfigure\subfigure.cfg")
\subfig@top=\skip50
\subfig@bottom=\skip51
)
("C:\Archivos de programa\MiKTeX 2.8\tex\latex\wrapfig\wrapfig.sty"
\wrapoverhang=\dimen150
\WF@size=\dimen151
\c@WF@wrappedlines=\count115
\WF@box=\box32
\WF@everypar=\toks32
Package: wrapfig 2003/01/31  v 3.6
)
("C:\Archivos de programa\MiKTeX 2.8\tex\latex\tools\multicol.sty"
Package: multicol 2008/12/05 v1.6h multicolumn formatting (FMi)
\c@tracingmulticols=\count116
\mult@box=\box33
\multicol@leftmargin=\dimen152
\c@unbalance=\count117
\c@collectmore=\count118
\doublecol@number=\count119
\multicoltolerance=\count120
\multicolpretolerance=\count121
\full@width=\dimen153
\page@free=\dimen154
\premulticols=\dimen155
\postmulticols=\dimen156
\multicolsep=\skip52
\multicolbaselineskip=\skip53
\partial@page=\box34
\last@line=\box35
\mult@rightbox=\box36
\mult@grightbox=\box37
\mult@gfirstbox=\box38
\mult@firstbox=\box39
\@tempa=\box40
\@tempa=\box41
\@tempa=\box42
\@tempa=\box43
\@tempa=\box44
\@tempa=\box45
\@tempa=\box46
\@tempa=\box47
\@tempa=\box48
\@tempa=\box49
\@tempa=\box50
\@tempa=\box51
\@tempa=\box52
\@tempa=\box53
\@tempa=\box54
\@tempa=\box55
\@tempa=\box56
\c@columnbadness=\count122
\c@finalcolumnbadness=\count123
\last@try=\dimen157
\multicolovershoot=\dimen158
\multicolundershoot=\dimen159
\mult@nat@firstbox=\box57
\colbreak@box=\box58
)
("C:\Archivos de programa\MiKTeX 2.8\tex\latex\ltxmisc\url.sty"
\Urlmuskip=\muskip11
Package: url 2006/04/12  ver 3.3  Verb mode for urls, etc.
)
("C:\Archivos de programa\MiKTeX 2.8\tex\latex\amsfonts\amssymb.sty"
Package: amssymb 2009/06/22 v3.00

("C:\Archivos de programa\MiKTeX 2.8\tex\latex\amsfonts\amsfonts.sty"
Package: amsfonts 2009/06/22 v3.00 Basic AMSFonts support
\symAMSa=\mathgroup4
\symAMSb=\mathgroup5
LaTeX Font Info:    Overwriting math alphabet `\mathfrak' in version `bold'
(Font)                  U/euf/m/n --> U/euf/b/n on input line 96.
))
("C:\Archivos de programa\MiKTeX 2.8\tex\latex\tools\bm.sty"
Package: bm 2004/02/26 v1.1c Bold Symbol Support (DPC/FMi)
\symboldoperators=\mathgroup6
\symboldletters=\mathgroup7
\symboldsymbols=\mathgroup8
LaTeX Font Info:    Redeclaring math alphabet \mathbf on input line 138.
LaTeX Info: Redefining \bm on input line 204.
)
("C:\Archivos de programa\MiKTeX 2.8\tex\latex\caption\caption.sty"
Package: caption 2010/01/09 v3.1m Customizing captions (AR)

("C:\Archivos de programa\MiKTeX 2.8\tex\latex\caption\caption3.sty"
Package: caption3 2010/01/14 v3.1m caption3 kernel (AR)
\captionmargin=\dimen160
\captionmargin@=\dimen161
\captionwidth=\dimen162
\caption@indent=\dimen163
\caption@parindent=\dimen164
\caption@hangindent=\dimen165
)
\c@ContinuedFloat=\count124
Package caption Info: subfigure package is loaded.
Package caption Info: wrapfig package is loaded.
)
("C:\Archivos de programa\MiKTeX 2.8\tex\latex\hyperref\hyperref.sty"
Package: hyperref 2010/03/30 v6.80u Hypertext links for LaTeX

("C:\Archivos de programa\MiKTeX 2.8\tex\generic\oberdiek\ltxcmds.sty"
Package: ltxcmds 2010/04/08 v1.5 LaTeX kernel commands for general use (HO)
)
("C:\Archivos de programa\MiKTeX 2.8\tex\generic\oberdiek\kvsetkeys.sty"
Package: kvsetkeys 2010/03/01 v1.9 Key value parser (HO)

("C:\Archivos de programa\MiKTeX 2.8\tex\generic\oberdiek\infwarerr.sty"
Package: infwarerr 2010/04/08 v1.3 Providing info/warning/message (HO)
)
("C:\Archivos de programa\MiKTeX 2.8\tex\generic\oberdiek\etexcmds.sty"
Package: etexcmds 2010/01/28 v1.3 Prefix for e-TeX command names (HO)
Package etexcmds Info: Could not find \expanded.
(etexcmds)             That can mean that you are not using pdfTeX 1.50 or
(etexcmds)             that some package has redefined \expanded.
(etexcmds)             In the latter case, load this package earlier.
))
("C:\Archivos de programa\MiKTeX 2.8\tex\generic\oberdiek\pdfescape.sty"
Package: pdfescape 2010/03/01 v1.9 Provides hex, PDF name and string conversion
s (HO)

("C:\Archivos de programa\MiKTeX 2.8\tex\generic\oberdiek\pdftexcmds.sty"
Package: pdftexcmds 2010/04/01 v0.9 Utility functions of pdfTeX for LuaTeX (HO)


("C:\Archivos de programa\MiKTeX 2.8\tex\generic\oberdiek\ifluatex.sty"
Package: ifluatex 2010/03/01 v1.3 Provides the ifluatex switch (HO)
Package ifluatex Info: LuaTeX not detected.
)
Package pdftexcmds Info: LuaTeX not detected.
Package pdftexcmds Info: \pdf@primitive is available.
Package pdftexcmds Info: \pdf@ifprimitive is available.
))
("C:\Archivos de programa\MiKTeX 2.8\tex\generic\oberdiek\ifpdf.sty"
Package: ifpdf 2010/01/28 v2.1 Provides the ifpdf switch (HO)
Package ifpdf Info: pdfTeX in pdf mode detected.
)
("C:\Archivos de programa\MiKTeX 2.8\tex\generic\oberdiek\ifvtex.sty"
Package: ifvtex 2010/03/01 v1.5 Switches for detecting VTeX and its modes (HO)
Package ifvtex Info: VTeX not detected.
)
("C:\Archivos de programa\MiKTeX 2.8\tex\latex\ifxetex\ifxetex.sty"
Package: ifxetex 2009/01/23 v0.5 Provides ifxetex conditional
)
("C:\Archivos de programa\MiKTeX 2.8\tex\latex\oberdiek\hycolor.sty"
Package: hycolor 2009/12/12 v1.6 Color options of hyperref/bookmark (HO)

("C:\Archivos de programa\MiKTeX 2.8\tex\latex\oberdiek\xcolor-patch.sty"
Package: xcolor-patch 2009/12/12 xcolor patch
))
("C:\Archivos de programa\MiKTeX 2.8\tex\latex\oberdiek\letltxmacro.sty"
Package: letltxmacro 2008/06/24 v1.3 Let assignment for LaTeX macros (HO)
)
\@linkdim=\dimen166
\Hy@linkcounter=\count125
\Hy@pagecounter=\count126

("C:\Archivos de programa\MiKTeX 2.8\tex\latex\hyperref\pd1enc.def"
File: pd1enc.def 2010/03/30 v6.80u Hyperref: PDFDocEncoding definition (HO)
)
("C:\Archivos de programa\MiKTeX 2.8\tex\generic\oberdiek\intcalc.sty"
Package: intcalc 2007/09/27 v1.1 Expandable integer calculations (HO)
)
("C:\Archivos de programa\MiKTeX 2.8\tex\latex\00miktex\hyperref.cfg"
File: hyperref.cfg 2002/06/06 v1.2 hyperref configuration of TeXLive
)
("C:\Archivos de programa\MiKTeX 2.8\tex\latex\oberdiek\kvoptions.sty"
Package: kvoptions 2010/02/22 v3.7 Keyval support for LaTeX options (HO)
)
Package hyperref Info: Option `colorlinks' set `true' on input line 3528.
Package hyperref Info: Option `breaklinks' set `true' on input line 3528.
Package hyperref Info: Hyper figures OFF on input line 3609.
Package hyperref Info: Link nesting OFF on input line 3614.
Package hyperref Info: Hyper index ON on input line 3617.
Package hyperref Info: Plain pages OFF on input line 3624.
Package hyperref Info: Backreferencing OFF on input line 3629.

Implicit mode ON; LaTeX internals redefined
Package hyperref Info: Bookmarks ON on input line 3825.
LaTeX Info: Redefining \url on input line 4105.
("C:\Archivos de programa\MiKTeX 2.8\tex\generic\oberdiek\bitset.sty"
Package: bitset 2007/09/28 v1.0 Data type bit set (HO)

("C:\Archivos de programa\MiKTeX 2.8\tex\generic\oberdiek\bigintcalc.sty"
Package: bigintcalc 2007/11/11 v1.1 Expandable big integer calculations (HO)
))
\Fld@menulength=\count127
\Field@Width=\dimen167
\Fld@charsize=\dimen168
\Field@toks=\toks33
Package hyperref Info: Hyper figures OFF on input line 5083.
Package hyperref Info: Link nesting OFF on input line 5088.
Package hyperref Info: Hyper index ON on input line 5091.
Package hyperref Info: backreferencing OFF on input line 5098.
Package hyperref Info: Link coloring ON on input line 5101.
Package hyperref Info: Link coloring with OCG OFF on input line 5108.
Package hyperref Info: PDF/A mode OFF on input line 5113.
LaTeX Info: Redefining \ref on input line 5153.
LaTeX Info: Redefining \pageref on input line 5157.

("C:\Archivos de programa\MiKTeX 2.8\tex\generic\oberdiek\atbegshi.sty"
Package: atbegshi 2010/03/25 v1.12 At begin shipout hook (HO)
)
\Hy@abspage=\count128
\c@Item=\count129
\c@Hfootnote=\count130
)
* hyperref using default driver hpdftex *
("C:\Archivos de programa\MiKTeX 2.8\tex\latex\hyperref\hpdftex.def"
File: hpdftex.def 2010/03/30 v6.80u Hyperref driver for pdfTeX

("C:\Archivos de programa\MiKTeX 2.8\tex\latex\oberdiek\atveryend.sty"
Package: atveryend 2010/03/24 v1.5 Hooks at very end of document (HO)
Package atveryend Info: \enddocument detected (standard).
)
\Fld@listcount=\count131
\c@bookmark@seq@number=\count132

("C:\Archivos de programa\MiKTeX 2.8\tex\latex\oberdiek\rerunfilecheck.sty"
Package: rerunfilecheck 2010/03/16 v1.6 Rerun checks for auxiliary files (HO)

("C:\Archivos de programa\MiKTeX 2.8\tex\generic\oberdiek\uniquecounter.sty"
Package: uniquecounter 2009/12/18 v1.1 Provides unlimited unique counter (HO)
)
Package uniquecounter Info: New unique counter `rerunfilecheck' on input line 2
71.
)
\Hy@SectionHShift=\skip54
)

LaTeX Warning: Unused global option(s):
    [graphicx,caption,rotating].


("C:\Documents and Settings\USER\Mis documentos\David\UNAL\Sexto semestre\Compl
eja\assignment.aux")
LaTeX Font Info:    Checking defaults for OML/cmm/m/it on input line 23.
LaTeX Font Info:    ... okay on input line 23.
LaTeX Font Info:    Checking defaults for T1/cmr/m/n on input line 23.
LaTeX Font Info:    ... okay on input line 23.
LaTeX Font Info:    Checking defaults for OT1/cmr/m/n on input line 23.
LaTeX Font Info:    ... okay on input line 23.
LaTeX Font Info:    Checking defaults for OMS/cmsy/m/n on input line 23.
LaTeX Font Info:    ... okay on input line 23.
LaTeX Font Info:    Checking defaults for OMX/cmex/m/n on input line 23.
LaTeX Font Info:    ... okay on input line 23.
LaTeX Font Info:    Checking defaults for U/cmr/m/n on input line 23.
LaTeX Font Info:    ... okay on input line 23.
LaTeX Font Info:    Checking defaults for PD1/pdf/m/n on input line 23.
LaTeX Font Info:    ... okay on input line 23.
LaTeX Font Info:    Try loading font information for OT1+ptm on input line 23.

("C:\Archivos de programa\MiKTeX 2.8\tex\latex\psnfss\ot1ptm.fd"
File: ot1ptm.fd 2001/06/04 font definitions for OT1/ptm.
)
("C:\Archivos de programa\MiKTeX 2.8\tex\latex\unicode\ucsencs.def"
File: ucsencs.def 2003/11/29 Fixes to fontencodings LGR, T3
)
("C:\Archivos de programa\MiKTeX 2.8\tex\context\base\supp-pdf.tex"
[Loading MPS to PDF converter (version 2006.09.02).]
\scratchcounter=\count133
\scratchdimen=\dimen169
\scratchbox=\box59
\nofMPsegments=\count134
\nofMParguments=\count135
\everyMPshowfont=\toks34
\MPscratchCnt=\count136
\MPscratchDim=\dimen170
\MPnumerator=\count137
\everyMPtoPDFconversion=\toks35
)
Package caption Info: Begin \AtBeginDocument code.
Package caption Info: hyperref package is loaded.
Package caption Info: End \AtBeginDocument code.
\AtBeginShipoutBox=\box60
 ("C:\Archivos de programa\MiKTeX 2.8\tex\latex\graphics\color.sty"
Package: color 2005/11/14 v1.0j Standard LaTeX Color (DPC)

("C:\Archivos de programa\MiKTeX 2.8\tex\latex\00miktex\color.cfg"
File: color.cfg 2007/01/18 v1.5 color configuration of teTeX/TeXLive
)
Package color Info: Driver file: pdftex.def on input line 130.
)
Package hyperref Info: Link coloring ON on input line 23.

("C:\Archivos de programa\MiKTeX 2.8\tex\latex\hyperref\nameref.sty"
Package: nameref 2010/01/25 v2.36 Cross-referencing by name of section

("C:\Archivos de programa\MiKTeX 2.8\tex\latex\oberdiek\refcount.sty"
Package: refcount 2008/08/11 v3.1 Data extraction from references (HO)
)
("C:\Archivos de programa\MiKTeX 2.8\tex\generic\oberdiek\gettitlestring.sty"
Package: gettitlestring 2009/12/18 v1.3 Cleanup title references (HO)
)
\c@section@level=\count138
)
LaTeX Info: Redefining \ref on input line 23.
LaTeX Info: Redefining \pageref on input line 23.

("C:\Documents and Settings\USER\Mis documentos\David\UNAL\Sexto semestre\Compl
eja\assignment.out")
("C:\Documents and Settings\USER\Mis documentos\David\UNAL\Sexto semestre\Compl
eja\assignment.out")
\@outlinefile=\write4
 <1.png, id=3, 421.575pt x 316.18124pt>
File: 1.png Graphic file (type png)
 <use 1.png>
Overfull \hbox (224.4942pt too wide) in paragraph at lines 28--29
 [][] 
 []

<2.png, id=4, 421.575pt x 316.18124pt>
File: 2.png Graphic file (type png)
 <use 2.png>
<3.png, id=5, 421.575pt x 316.18124pt>
File: 3.png Graphic file (type png)
 <use 3.png>
Overfull \hbox (224.4942pt too wide) in paragraph at lines 36--37
 [][] 
 []

<4.png, id=6, 421.575pt x 316.18124pt>
File: 4.png Graphic file (type png)
 <use 4.png>
<5.png, id=7, 421.575pt x 316.18124pt>
File: 5.png Graphic file (type png)
 <use 5.png>
Overfull \hbox (224.4942pt too wide) in paragraph at lines 44--45
 [][] 
 []

<6.png, id=8, 421.575pt x 316.18124pt>
File: 6.png Graphic file (type png)
 <use 6.png>

LaTeX Warning: `h' float specifier changed to `ht'.

<7.png, id=9, 421.575pt x 316.18124pt>
File: 7.png Graphic file (type png)
 <use 7.png>
Overfull \hbox (224.4942pt too wide) in paragraph at lines 55--56
 [][] 
 []

<8.png, id=10, 421.575pt x 316.18124pt>
File: 8.png Graphic file (type png)
 <use 8.png>
<9.png, id=11, 421.575pt x 316.18124pt>
File: 9.png Graphic file (type png)
 <use 9.png>
Overfull \hbox (224.4942pt too wide) in paragraph at lines 63--64
 [][] 
 []

<10.png, id=12, 421.575pt x 316.18124pt>
File: 10.png Graphic file (type png)
 <use 10.png>
<11.png, id=13, 421.575pt x 316.18124pt>
File: 11.png Graphic file (type png)
 <use 11.png>
Overfull \hbox (224.4942pt too wide) in paragraph at lines 71--72
 [][] 
 []

<12.png, id=14, 421.575pt x 316.18124pt>
File: 12.png Graphic file (type png)
 <use 12.png>

LaTeX Warning: `h' float specifier changed to `ht'.

<13.png, id=15, 421.575pt x 316.18124pt>
File: 13.png Graphic file (type png)
 <use 13.png>
Overfull \hbox (224.4942pt too wide) in paragraph at lines 82--83
 [][] 
 []

<14.png, id=16, 421.575pt x 316.18124pt>
File: 14.png Graphic file (type png)
 <use 14.png>
<15.png, id=17, 421.575pt x 316.18124pt>
File: 15.png Graphic file (type png)
 <use 15.png>
Overfull \hbox (224.4942pt too wide) in paragraph at lines 90--91
 [][] 
 []

<16.png, id=18, 421.575pt x 316.18124pt>
File: 16.png Graphic file (type png)
 <use 16.png>

LaTeX Warning: `h' float specifier changed to `ht'.

Package atveryend Info: Empty hook `BeforeClearDocument' on input line 98.
[1{C:/Documents and Settings/All Users/Datos de programa/MiKTeX/2.8/pdftex/conf
ig/pdftex.map} <C:/Documents and Settings/USER/Mis documentos/David/UNAL/Sexto 
semestre/Compleja/1.png (PNG copy)> <C:/Documents and Settings/USER/Mis documen
tos/David/UNAL/Sexto semestre/Compleja/2.png (PNG copy)> <C:/Documents and Sett
ings/USER/Mis documentos/David/UNAL/Sexto semestre/Compleja/3.png (PNG copy)> <
C:/Documents and Settings/USER/Mis documentos/David/UNAL/Sexto semestre/Complej
a/4.png (PNG copy)> <C:/Documents and Settings/USER/Mis documentos/David/UNAL/S
exto semestre/Compleja/5.png (PNG copy)> <C:/Documents and Settings/USER/Mis do
cumentos/David/UNAL/Sexto semestre/Compleja/6.png (PNG copy)>] [2 <C:/Documents
 and Settings/USER/Mis documentos/David/UNAL/Sexto semestre/Compleja/7.png (PNG
 copy)> <C:/Documents and Settings/USER/Mis documentos/David/UNAL/Sexto semestr
e/Compleja/8.png (PNG copy)> <C:/Documents and Settings/USER/Mis documentos/Dav
id/UNAL/Sexto semestre/Compleja/9.png (PNG copy)> <C:/Documents and Settings/US
ER/Mis documentos/David/UNAL/Sexto semestre/Compleja/10.png (PNG copy)> <C:/Doc
uments and Settings/USER/Mis documentos/David/UNAL/Sexto semestre/Compleja/11.p
ng (PNG copy)> <C:/Documents and Settings/USER/Mis documentos/David/UNAL/Sexto 
semestre/Compleja/12.png (PNG copy)>] [3 <C:/Documents and Settings/USER/Mis do
cumentos/David/UNAL/Sexto semestre/Compleja/13.png (PNG copy)> <C:/Documents an
d Settings/USER/Mis documentos/David/UNAL/Sexto semestre/Compleja/14.png (PNG c
opy)> <C:/Documents and Settings/USER/Mis documentos/David/UNAL/Sexto semestre/
Compleja/15.png (PNG copy)> <C:/Documents and Settings/USER/Mis documentos/Davi
d/UNAL/Sexto semestre/Compleja/16.png (PNG copy)>]
Package atveryend Info: Empty hook `AfterLastShipout' on input line 98.

("C:\Documents and Settings\USER\Mis documentos\David\UNAL\Sexto semestre\Compl
eja\assignment.aux")
Package atveryend Info: Executing hook `AtVeryEndDocument' on input line 98.
Package rerunfilecheck Info: File `assignment.out' has not changed.
(rerunfilecheck)             Checksum: D41D8CD98F00B204E9800998ECF8427E;0.
 ) 
Here is how much of TeX's memory you used:
 9310 strings out of 495259
 134807 string characters out of 3178978
 256058 words of memory out of 3000000
 12325 multiletter control sequences out of 15000+200000
 7953 words of font info for 25 fonts, out of 3000000 for 9000
 14 hyphenation exceptions out of 8191
 36i,10n,38p,412b,342s stack positions out of 5000i,500n,10000p,200000b,50000s
{C:/Archivos de programa/MiKTeX 2.8/fonts/enc/dvips/fontname/8r.enc}<C:/Archi
vos de programa/MiKTeX 2.8/fonts/type1/urw/times/utmr8a.pfb>
Output written on assignment.pdf (3 pages, 77636 bytes).
PDF statistics:
 62 PDF objects out of 1000 (max. 8388607)
 22 named destinations out of 1000 (max. 500000)
 81 words of extra memory for PDF output out of 10000 (max. 10000000)

